#
# There is insufficient memory for the Java Runtime Environment to continue.
# Native memory allocation (mmap) failed to map 65011712 bytes for G1 virtual space
# Possible reasons:
#   The system is out of physical RAM or swap space
#   The process is running with CompressedOops enabled, and the Java Heap may be blocking the growth of the native heap
# Possible solutions:
#   Reduce memory load on the system
#   Increase physical memory or swap space
#   Check if swap backing store is full
#   Decrease Java heap size (-Xmx/-Xms)
#   Decrease number of Java threads
#   Decrease Java thread stack sizes (-Xss)
#   Set larger code cache with -XX:ReservedCodeCacheSize=
#   JVM is running with Unscaled Compressed Oops mode in which the Java heap is
#     placed in the first 4GB address space. The Java Heap base address is the
#     maximum limit for the native heap growth. Please use -XX:HeapBaseMinAddress
#     to set the Java Heap base and to place the Java Heap above 4GB virtual address.
# This output file may be truncated or incomplete.
#
#  Out of Memory Error (os_windows.cpp:3600), pid=27524, tid=19028
#
# JRE version:  (21.0.5+9) (build )
# Java VM: Java HotSpot(TM) 64-Bit Server VM (21.0.5+9-LTS-239, mixed mode, sharing, tiered, compressed oops, compressed class ptrs, g1 gc, windows-amd64)
# No core dump will be written. Minidumps are not enabled by default on client versions of Windows
#

---------------  S U M M A R Y ------------

Command Line: -ea -XX:+ShowCodeDetailsInExceptionMessages -Dfile.encoding=UTF-8 org.eclipse.jdt.internal.junit.runner.RemoteTestRunner -version 3 -port 60866 -testLoaderClass org.eclipse.jdt.internal.junit4.runner.JUnit4TestLoader -loaderpluginname org.eclipse.jdt.junit4.runtime -testNameFile C:\Users\neela\AppData\Local\Temp\testNames13819820881805108534.txt

Host: 11th Gen Intel(R) Core(TM) i3-1115G4 @ 3.00GHz, 4 cores, 3G,  Windows 11 , 64 bit Build 22621 (10.0.22621.5262)
Time: Mon Jul 14 01:09:57 2025 GMT Daylight Time elapsed time: 0.057282 seconds (0d 0h 0m 0s)

---------------  T H R E A D  ---------------

Current thread (0x000001b4b82c1ad0):  JavaThread "Unknown thread" [_thread_in_vm, id=19028, stack(0x0000008f09900000,0x0000008f09a00000) (1024K)]

Stack: [0x0000008f09900000,0x0000008f09a00000]
Native frames: (J=compiled Java code, j=interpreted, Vv=VM code, C=native code)
V  [jvm.dll+0x6ca289]
V  [jvm.dll+0x854a51]
V  [jvm.dll+0x856f7e]
V  [jvm.dll+0x857653]
V  [jvm.dll+0x27dd26]
V  [jvm.dll+0x6c6a25]
V  [jvm.dll+0x6bb5aa]
V  [jvm.dll+0x35359a]
V  [jvm.dll+0x35b1f6]
V  [jvm.dll+0x3adade]
V  [jvm.dll+0x3add88]
V  [jvm.dll+0x3278fc]
V  [jvm.dll+0x32845b]
V  [jvm.dll+0x81de19]
V  [jvm.dll+0x3ba7c1]
V  [jvm.dll+0x807168]
V  [jvm.dll+0x44f96e]
V  [jvm.dll+0x451561]
C  [jli.dll+0x52a3]
C  [ucrtbase.dll+0x29333]
C  [KERNEL32.DLL+0x1259d]
C  [ntdll.dll+0x5af58]


---------------  P R O C E S S  ---------------

Threads class SMR info:
_java_thread_list=0x00007ffb2039ac08, length=0, elements={
}

Java Threads: ( => current thread )
Total: 0

Other Threads:
  0x000001b4ba46c9f0 WorkerThread "GC Thread#0"                     [id=10176, stack(0x0000008f09a00000,0x0000008f09b00000) (1024K)]
  0x000001b4ba475ce0 ConcurrentGCThread "G1 Main Marker"            [id=27136, stack(0x0000008f09b00000,0x0000008f09c00000) (1024K)]
  0x000001b4ba4767e0 WorkerThread "G1 Conc#0"                       [id=14564, stack(0x0000008f09c00000,0x0000008f09d00000) (1024K)]

[error occurred during error reporting (printing all threads), id 0xc0000005, EXCEPTION_ACCESS_VIOLATION (0xc0000005) at pc=0x00007ffb1fb0a087]
VM state: not at safepoint (not fully initialized)

VM Mutex/Monitor currently owned by a thread:  ([mutex/lock_event])
[0x00007ffb2040bf98] Heap_lock - owner thread: 0x000001b4b82c1ad0

Heap address: 0x00000000c3200000, size: 974 MB, Compressed Oops mode: 32-bit

CDS archive(s) mapped at: [0x0000000000000000-0x0000000000000000-0x0000000000000000), size 0, SharedBaseAddress: 0x0000000800000000, ArchiveRelocationMode: 1.
Narrow klass base: 0x0000000000000000, Narrow klass shift: 0, Narrow klass range: 0x0

GC Precious Log:
 CardTable entry size: 512
 Card Set container configuration: InlinePtr #cards 5 size 8 Array Of Cards #cards 12 size 40 Howl #buckets 4 coarsen threshold 1843 Howl Bitmap #cards 512 size 80 coarsen threshold 460 Card regions per heap region 1 cards per card region 2048

Heap:
 garbage-first heap   total 0K, used 0K [0x00000000c3200000, 0x0000000100000000)
  region size 1024K, 0 young (0K), 0 survivors (0K)

[error occurred during error reporting (printing heap information), id 0xc0000005, EXCEPTION_ACCESS_VIOLATION (0xc0000005) at pc=0x00007ffb1fef3259]
GC Heap History (0 events):
No events

Dll operation events (1 events):
Event: 0.037 Loaded shared library C:\Program Files\Java\jdk-21\bin\java.dll

Deoptimization events (0 events):
No events

Classes loaded (0 events):
No events

Classes unloaded (0 events):
No events

Classes redefined (0 events):
No events

Internal exceptions (0 events):
No events

ZGC Phase Switch (0 events):
No events

VM Operations (0 events):
No events

Events (0 events):
No events


Dynamic libraries:
0x00007ff79e2b0000 - 0x00007ff79e2c0000 	C:\Program Files\Java\jdk-21\bin\java.exe
0x00007ffbe1b10000 - 0x00007ffbe1d27000 	C:\WINDOWS\SYSTEM32\ntdll.dll
0x00007ffbe0760000 - 0x00007ffbe0824000 	C:\WINDOWS\System32\KERNEL32.DLL
0x00007ffbdecc0000 - 0x00007ffbdf093000 	C:\WINDOWS\System32\KERNELBASE.dll
0x00007ffbdae60000 - 0x00007ffbdaef7000 	C:\WINDOWS\SYSTEM32\apphelp.dll
0x00007ffbdf680000 - 0x00007ffbdf791000 	C:\WINDOWS\System32\ucrtbase.dll
0x00007ffbd7680000 - 0x00007ffbd7699000 	C:\Program Files\Java\jdk-21\bin\jli.dll
0x00007ffbdff30000 - 0x00007ffbdffe1000 	C:\WINDOWS\System32\ADVAPI32.dll
0x00007ffbdf880000 - 0x00007ffbdf927000 	C:\WINDOWS\System32\msvcrt.dll
0x00007ffbe0ac0000 - 0x00007ffbe0b67000 	C:\WINDOWS\System32\sechost.dll
0x00007ffbd7660000 - 0x00007ffbd767b000 	C:\Program Files\Java\jdk-21\bin\VCRUNTIME140.dll
0x00007ffbdf650000 - 0x00007ffbdf678000 	C:\WINDOWS\System32\bcrypt.dll
0x00007ffbdfff0000 - 0x00007ffbe0104000 	C:\WINDOWS\System32\RPCRT4.dll
0x00007ffbe0110000 - 0x00007ffbe02c1000 	C:\WINDOWS\System32\USER32.dll
0x00007ffbdf620000 - 0x00007ffbdf646000 	C:\WINDOWS\System32\win32u.dll
0x00007ffbcb030000 - 0x00007ffbcb2cb000 	C:\WINDOWS\WinSxS\amd64_microsoft.windows.common-controls_6595b64144ccf1df_6.0.22621.5262_none_2712bde373830908\COMCTL32.dll
0x00007ffbdf840000 - 0x00007ffbdf869000 	C:\WINDOWS\System32\GDI32.dll
0x00007ffbdf450000 - 0x00007ffbdf572000 	C:\WINDOWS\System32\gdi32full.dll
0x00007ffbdf580000 - 0x00007ffbdf61a000 	C:\WINDOWS\System32\msvcp_win.dll
0x00007ffbd47c0000 - 0x00007ffbd47ca000 	C:\WINDOWS\SYSTEM32\VERSION.dll
0x00007ffbe09a0000 - 0x00007ffbe09d1000 	C:\WINDOWS\System32\IMM32.DLL
0x00007ffbd4cb0000 - 0x00007ffbd4cbc000 	C:\Program Files\Java\jdk-21\bin\vcruntime140_1.dll
0x00007ffbb73d0000 - 0x00007ffbb745e000 	C:\Program Files\Java\jdk-21\bin\msvcp140.dll
0x00007ffb1f7d0000 - 0x00007ffb204e8000 	C:\Program Files\Java\jdk-21\bin\server\jvm.dll
0x00007ffbdfce0000 - 0x00007ffbdfd51000 	C:\WINDOWS\System32\WS2_32.dll
0x00007ffbdab20000 - 0x00007ffbdab54000 	C:\WINDOWS\SYSTEM32\WINMM.dll
0x00007ffbde530000 - 0x00007ffbde57d000 	C:\WINDOWS\SYSTEM32\POWRPROF.dll
0x00007ffbde4b0000 - 0x00007ffbde4c3000 	C:\WINDOWS\SYSTEM32\UMPDC.dll
0x00007ffbddc40000 - 0x00007ffbddc58000 	C:\WINDOWS\SYSTEM32\kernel.appcore.dll
0x00007ffbc6810000 - 0x00007ffbc681a000 	C:\Program Files\Java\jdk-21\bin\jimage.dll
0x00007ffbd82b0000 - 0x00007ffbd84e2000 	C:\WINDOWS\SYSTEM32\DBGHELP.DLL
0x00007ffbe0c80000 - 0x00007ffbe1013000 	C:\WINDOWS\System32\combase.dll
0x00007ffbe09e0000 - 0x00007ffbe0ab7000 	C:\WINDOWS\System32\OLEAUT32.dll
0x00007ffbc11b0000 - 0x00007ffbc11e2000 	C:\WINDOWS\SYSTEM32\dbgcore.DLL
0x00007ffbdf290000 - 0x00007ffbdf30b000 	C:\WINDOWS\System32\bcryptPrimitives.dll
0x00007ffbc1e10000 - 0x00007ffbc1e2f000 	C:\Program Files\Java\jdk-21\bin\java.dll

dbghelp: loaded successfully - version: 4.0.5 - missing functions: none
symbol engine: initialized successfully - sym options: 0x614 - pdb path: .;C:\Program Files\Java\jdk-21\bin;C:\WINDOWS\SYSTEM32;C:\WINDOWS\WinSxS\amd64_microsoft.windows.common-controls_6595b64144ccf1df_6.0.22621.5262_none_2712bde373830908;C:\Program Files\Java\jdk-21\bin\server

VM Arguments:
jvm_args: -ea -XX:+ShowCodeDetailsInExceptionMessages -Dfile.encoding=UTF-8 
java_command: org.eclipse.jdt.internal.junit.runner.RemoteTestRunner -version 3 -port 60866 -testLoaderClass org.eclipse.jdt.internal.junit4.runner.JUnit4TestLoader -loaderpluginname org.eclipse.jdt.junit4.runtime -testNameFile C:\Users\neela\AppData\Local\Temp\testNames13819820881805108534.txt
java_class_path (initial): c:\Users\neela\OneDrive\Documents\InterviewTestSolution\interviewtest\target\test-classes;c:\Users\neela\OneDrive\Documents\InterviewTestSolution\interviewtest\target\classes;c:\Users\neela\.m2\repository\junit\junit\4.11\junit-4.11.jar;c:\Users\neela\.m2\repository\org\hamcrest\hamcrest-core\1.3\hamcrest-core-1.3.jar;c:\Users\neela\.m2\repository\software\amazon\awssdk\sqs\2.31.78\sqs-2.31.78.jar;c:\Users\neela\.m2\repository\software\amazon\awssdk\aws-json-protocol\2.31.78\aws-json-protocol-2.31.78.jar;c:\Users\neela\.m2\repository\software\amazon\awssdk\third-party-jackson-core\2.31.78\third-party-jackson-core-2.31.78.jar;c:\Users\neela\.m2\repository\software\amazon\awssdk\protocol-core\2.31.78\protocol-core-2.31.78.jar;c:\Users\neela\.m2\repository\software\amazon\awssdk\http-auth-aws\2.31.78\http-auth-aws-2.31.78.jar;c:\Users\neela\.m2\repository\software\amazon\awssdk\checksums-spi\2.31.78\checksums-spi-2.31.78.jar;c:\Users\neela\.m2\repository\software\amazon\awssdk\checksums\2.31.78\checksums-2.31.78.jar;c:\Users\neela\.m2\repository\software\amazon\awssdk\sdk-core\2.31.78\sdk-core-2.31.78.jar;c:\Users\neela\.m2\repository\software\amazon\awssdk\profiles\2.31.78\profiles-2.31.78.jar;c:\Users\neela\.m2\repository\software\amazon\awssdk\retries\2.31.78\retries-2.31.78.jar;c:\Users\neela\.m2\repository\org\slf4j\slf4j-api\1.7.36\slf4j-api-1.7.36.jar;c:\Users\neela\.m2\repository\org\reactivestreams\reactive-streams\1.0.4\reactive-streams-1.0.4.jar;c:\Users\neela\.m2\repository\software\amazon\awssdk\auth\2.31.78\auth-2.31.78.jar;c:\Users\neela\.m2\repository\software\amazon\awssdk\http-auth-aws-eventstream\2.31.78\http-auth-aws-eventstream-2.31.78.jar;c:\Users\neela\.m2\repository\software\amazon\eventstream\eventstream\1.0.1\eventstream-1.0.1.jar;c:\Users\neela\.m2\repository\software\amazon\awssdk\http-auth-spi\2.31.78\http-auth-spi-2.31.78.jar;c:\Users\neela\.m2\repository\software\amazon\awssdk\http-auth\2.31.78\http-auth-2.31.78.jar;c:\Users\neela\.m2\repository\software\amazon\awssdk\identity-spi\2.31.78\identity-spi-2.31.78.jar;c:\Users\neela\.m2\repository\software\amazon\awssdk\http-client-spi\2.31.78\http-client-spi-2.31.78.jar;c:\Users\neela\.m2\repository\software\amazon\awssdk\regions\2.31.78\regions-2.31.78.jar;c:\Users\neela\.m2\repository\software\amazon\awssdk\annotations\2.31.78\annotations-2.31.78.jar;c:\Users\neela\.m2\repository\software\amazon\awssdk\utils\2.31.78\utils-2.31.78.jar;c:\Users\neela\.m2\repository\software\amazon\awssdk\aws-core\2.31.78\aws-core-2.31.78.jar;c:\Users\neela\.m2\repository\software\amazon\awssdk\metrics-spi\2.31.78\metrics-spi-2.31.78.jar;c:\Users\neela\.m2\repository\software\amazon\awssdk\json-utils\2.31.78\json-utils-2.31.78.jar;c:\Users\neela\.m2\repository\software\amazon\awssdk\endpoints-spi\2.31.78\endpoints-spi-2.31.78.jar;c:\Users\neela\.m2\repository\software\amazon\awssdk\retries-spi\2.31.78\retries-spi-2.31.78.jar;c:\Users\neela\.m2\repository\software\amazon\awssdk\apache-client\2.31.78\apache-client-2.31.78.jar;c:\Users\neela\.m2\repository\org\apache\httpcomponents\httpclient\4.5.13\httpclient-4.5.13.jar;c:\Users\neela\.m2\repository\commons-logging\commons-logging\1.2\commons-logging-1.2.jar;c:\Users\neela\.m2\repository\org\apache\httpcomponents\httpcore\4.4.16\httpcore-4.4.16.jar;c:\Users\neela\.m2\repository\commons-codec\commons-codec\1.17.1\commons-codec-1.17.1.jar;c:\Users\neela\.m2\repository\software\amazon\awssdk\netty-nio-client\2.31.78\netty-nio-client-2.31.78.jar;c:\Users\neela\.m2\repository\io\netty\netty-codec-http\4.1.118.Final\netty-codec-http-4.1.118.Final.jar;c:\Users\neela\.m2\repository\io\netty\netty-codec-http2\4.1.118.Final\netty-codec-http2-4.1.118.Final.jar;c:\Users\neela\.m2\repository\io\netty\netty-codec\4.1.118.Final\netty-codec-4.1.118.Final.jar;c:\Users\neela\.m2\repository\io\netty\netty-transport\4.1.118.Final\netty-transport-4.1.118.Final.jar;c:\Users\neela\.m2\repository\io\netty\netty-common\4.1.118.Final\netty-common-4.1.118.Final.jar;c:\Users\neela\.m2\repository\io\netty\netty-buffer\4.1.118.Final\netty-buffer-4.1.118.Final.jar;c:\Users\neela\.m2\repository\io\netty\netty-handler\4.1.118.Final\netty-handler-4.1.118.Final.jar;c:\Users\neela\.m2\repository\io\netty\netty-transport-native-unix-common\4.1.118.Final\netty-transport-native-unix-common-4.1.118.Final.jar;c:\Users\neela\.m2\repository\io\netty\netty-transport-classes-epoll\4.1.118.Final\netty-transport-classes-epoll-4.1.118.Final.jar;c:\Users\neela\.m2\repository\io\netty\netty-resolver\4.1.118.Final\netty-resolver-4.1.118.Final.jar;c:\Users\neela\AppData\Roaming\Code\User\globalStorage\redhat.java\1.43.1\config_win\org.eclipse.osgi\113\0\.cp;c:\Users\neela\AppData\Roaming\Code\User\globalStorage\redhat.java\1.43.1\config_win\org.eclipse.osgi\56\0\.cp
Launcher Type: SUN_STANDARD

[Global flags]
     intx CICompilerCount                          = 3                                         {product} {ergonomic}
     uint ConcGCThreads                            = 1                                         {product} {ergonomic}
     uint G1ConcRefinementThreads                  = 4                                         {product} {ergonomic}
   size_t G1HeapRegionSize                         = 1048576                                   {product} {ergonomic}
    uintx GCDrainStackTargetSize                   = 64                                        {product} {ergonomic}
   size_t InitialHeapSize                          = 65011712                                  {product} {ergonomic}
   size_t MarkStackSize                            = 4194304                                   {product} {ergonomic}
   size_t MaxHeapSize                              = 1021313024                                {product} {ergonomic}
   size_t MinHeapDeltaBytes                        = 1048576                                   {product} {ergonomic}
   size_t MinHeapSize                              = 8388608                                   {product} {ergonomic}
    uintx NonNMethodCodeHeapSize                   = 5832780                                {pd product} {ergonomic}
    uintx NonProfiledCodeHeapSize                  = 122912730                              {pd product} {ergonomic}
    uintx ProfiledCodeHeapSize                     = 122912730                              {pd product} {ergonomic}
    uintx ReservedCodeCacheSize                    = 251658240                              {pd product} {ergonomic}
     bool SegmentedCodeCache                       = true                                      {product} {ergonomic}
     bool ShowCodeDetailsInExceptionMessages       = true                                   {manageable} {command line}
   size_t SoftMaxHeapSize                          = 1021313024                             {manageable} {ergonomic}
     bool UseCompressedOops                        = true                           {product lp64_product} {ergonomic}
     bool UseG1GC                                  = true                                      {product} {ergonomic}
     bool UseLargePagesIndividualAllocation        = false                                  {pd product} {ergonomic}

Logging:
Log output configuration:
 #0: stdout all=warning uptime,level,tags foldmultilines=false
 #1: stderr all=off uptime,level,tags foldmultilines=false

Environment Variables:
JAVA_HOME=C:\Program Files\Java\jdk-21
PATH=C:\Program Files\Common Files\Oracle\Java\javapath;C:\Program Files (x86)\Common Files\Oracle\Java\javapath;C:\WINDOWS\system32;C:\WINDOWS;C:\WINDOWS\System32\Wbem;C:\WINDOWS\System32\WindowsPowerShell\v1.0\;C:\WINDOWS\System32\OpenSSH\;C:\Android;C:\Windows\System32;C:\Program Files\Java\jdk-21\bin;C:\Program Files\apache-maven-3.9.6-bin\apache-maven-3.9.6\bin;C:\Program Files\Git\cmd;C:\Program Files\apache-maven-3.9.6-bin\apache-maven-3.9.6\bin\bin;C:\Program Files\nodejs\;C:\Program Files\Amazon\AWSCLIV2\;C:\Users\neela\AppData\Local\Android\Sdk\tools\bin;C:\Users\neela\AppData\Local\Android\Sdk\tools;C:\Users\neela\AppData\Local\Android\Sdk\platform-tools;C:\Program Files\nodejs\node_modules\npm\bin;C:\Users\neela\AppData\Local\Programs\Python\Python312\Scripts\;C:\Users\neela\AppData\Local\Programs\Python\Python312\;C:\Users\neela\AppData\Local\Programs\Python\Launcher\;C:\Users\neela\AppData\Local\Microsoft\WindowsApps;C:\Users\neela\AppData\Local\Microsoft\WinGet\Packages\Schniz.fnm_Microsoft.Winget.Source_8wekyb3d8bbwe;C:\Users\neela\AppData\Roaming\npm;C:\Users\neela\AppData\Local\Programs\Microsoft VS Code\bin;C:\Program Files\apache-maven-3.9.6-bin\apache-maven-3.9.6\bin;
USERNAME=Neelam
OS=Windows_NT
PROCESSOR_IDENTIFIER=Intel64 Family 6 Model 140 Stepping 1, GenuineIntel
TMP=C:\Users\neela\AppData\Local\Temp
TEMP=C:\Users\neela\AppData\Local\Temp




Periodic native trim disabled

---------------  S Y S T E M  ---------------

OS:
 Windows 11 , 64 bit Build 22621 (10.0.22621.5262)
OS uptime: 0 days 14:48 hours

CPU: total 4 (initial active 4) (2 cores per cpu, 2 threads per core) family 6 model 140 stepping 1 microcode 0x9a, cx8, cmov, fxsr, ht, mmx, 3dnowpref, sse, sse2, sse3, ssse3, sse4.1, sse4.2, popcnt, lzcnt, tsc, tscinvbit, avx, avx2, aes, erms, clmul, bmi1, bmi2, adx, avx512f, avx512dq, avx512cd, avx512bw, avx512vl, sha, fma, vzeroupper, avx512_vpopcntdq, avx512_vpclmulqdq, avx512_vaes, avx512_vnni, clflush, clflushopt, clwb, avx512_vbmi2, avx512_vbmi, rdtscp, rdpid, fsrm, gfni, avx512_bitalg, f16c, pku, cet_ibt, cet_ss, avx512_ifma
Processor Information for all 4 processors :
  Max Mhz: 2995, Current Mhz: 2995, Mhz Limit: 2995

Memory: 4k page, system-wide physical 3895M (285M free)
TotalPageFile size 15671M (AvailPageFile size 13M)
current process WorkingSet (physical memory assigned to process): 11M, peak: 11M
current process commit charge ("private bytes"): 52M, peak: 113M

vm_info: Java HotSpot(TM) 64-Bit Server VM (21.0.5+9-LTS-239) for windows-amd64 JRE (21.0.5+9-LTS-239), built on 2024-09-30T05:17:38Z by "mach5one" with MS VC++ 17.6 (VS2022)

END.
